<?xml version="1.0" encoding="UTF-8"?>
<robot generator="Robot 4.1.3 (Python 3.10.5 on win32)" generated="20220615 16:22:29.505" rpa="false" schemaversion="2">
<suite id="s1" name="Checkbox" source="D:\Dojobox\Mentor\JEN\Test\checkbox.robot">
<test id="s1-t1" name="I checked &quot;Notes&quot; Data">
<kw name="Open Browser" library="SeleniumLibrary" type="SETUP">
<arg>${webURL}</arg>
<arg>${BROWSERS}</arg>
<doc>Opens a new browser instance to the optional ``url``.</doc>
<msg timestamp="20220615 16:22:29.792" level="INFO">Opening browser 'Chrome' to base url 'https://demoqa.com/checkbox'.</msg>
<status status="PASS" starttime="20220615 16:22:29.792" endtime="20220615 16:22:36.464"/>
</kw>
<kw name="Maximize Browser Window" library="SeleniumLibrary">
<doc>Maximizes current browser window.</doc>
<status status="PASS" starttime="20220615 16:22:36.465" endtime="20220615 16:22:36.605"/>
</kw>
<kw name="Click Element" library="SeleniumLibrary">
<arg>//*[@aria-label="Expand all"]</arg>
<doc>Click the element identified by ``locator``.</doc>
<msg timestamp="20220615 16:22:36.607" level="INFO">Clicking element '//*[@aria-label="Expand all"]'.</msg>
<status status="PASS" starttime="20220615 16:22:36.606" endtime="20220615 16:22:36.695"/>
</kw>
<kw name="Click Element" library="SeleniumLibrary">
<arg>(//*[@class="rct-title"])[3]</arg>
<doc>Click the element identified by ``locator``.</doc>
<msg timestamp="20220615 16:22:36.697" level="INFO">Clicking element '(//*[@class="rct-title"])[3]'.</msg>
<status status="PASS" starttime="20220615 16:22:36.696" endtime="20220615 16:22:36.764"/>
</kw>
<kw name="Click Element" library="SeleniumLibrary">
<arg>(//*[@class="rct-title"])[7]</arg>
<doc>Click the element identified by ``locator``.</doc>
<msg timestamp="20220615 16:22:36.766" level="INFO">Clicking element '(//*[@class="rct-title"])[7]'.</msg>
<status status="PASS" starttime="20220615 16:22:36.766" endtime="20220615 16:22:36.823"/>
</kw>
<kw name="Wait Until Page Contains Element" library="SeleniumLibrary">
<arg>//*[@class="text-success"]</arg>
<doc>Waits until the element ``locator`` appears on the current page.</doc>
<status status="PASS" starttime="20220615 16:22:36.824" endtime="20220615 16:22:36.842"/>
</kw>
<kw name="Element Should Be Visible" library="SeleniumLibrary">
<arg>//*[@class="text-success"]</arg>
<doc>Verifies that the element identified by ``locator`` is visible.</doc>
<msg timestamp="20220615 16:22:36.869" level="INFO">Element '//*[@class="text-success"]' is displayed.</msg>
<status status="PASS" starttime="20220615 16:22:36.843" endtime="20220615 16:22:36.869"/>
</kw>
<kw name="Element Text Should Be" library="SeleniumLibrary">
<arg>//*[@class="text-success"]</arg>
<arg>notes</arg>
<doc>Verifies that element ``locator`` contains exact the text ``expected``.</doc>
<msg timestamp="20220615 16:22:36.870" level="INFO">Verifying element '//*[@class="text-success"]' contains exact text 'notes'.</msg>
<status status="PASS" starttime="20220615 16:22:36.870" endtime="20220615 16:22:36.891"/>
</kw>
<kw name="Element Should Contain" library="SeleniumLibrary">
<arg>//*[@class="text-success"]</arg>
<arg>notes</arg>
<doc>Verifies that element ``locator`` contains text ``expected``.</doc>
<msg timestamp="20220615 16:22:36.910" level="INFO">Element '//*[@class="text-success"]' contains text 'notes'.</msg>
<status status="PASS" starttime="20220615 16:22:36.892" endtime="20220615 16:22:36.910"/>
</kw>
<kw name="Close Browser" library="SeleniumLibrary" type="TEARDOWN">
<doc>Closes the current browser.</doc>
<status status="PASS" starttime="20220615 16:22:36.911" endtime="20220615 16:22:39.240"/>
</kw>
<status status="PASS" starttime="20220615 16:22:29.791" endtime="20220615 16:22:39.241"/>
</test>
<status status="PASS" starttime="20220615 16:22:29.508" endtime="20220615 16:22:39.243"/>
</suite>
<statistics>
<total>
<stat pass="1" fail="0" skip="0">All Tests</stat>
</total>
<tag>
</tag>
<suite>
<stat pass="1" fail="0" skip="0" id="s1" name="Checkbox">Checkbox</stat>
</suite>
</statistics>
<errors>
</errors>
</robot>
