<?xml version="1.0" encoding="UTF-8"?>
<robot generator="Robot 4.1.3 (Python 3.10.5 on win32)" generated="20220615 18:43:21.130" rpa="false" schemaversion="2">
<suite id="s1" name="Checkgoogle2" source="D:\Dojobox\Mentor\JEN\Test\checkgoogle2.robot">
<test id="s1-t1" name="I am open browser and then go to google">
<kw name="Open Browser" library="SeleniumLibrary">
<arg>https://www.google.com/</arg>
<arg>Chrome</arg>
<doc>Opens a new browser instance to the optional ``url``.</doc>
<msg timestamp="20220615 18:43:21.309" level="INFO">Opening browser 'Chrome' to base url 'https://www.google.com/'.</msg>
<status status="PASS" starttime="20220615 18:43:21.309" endtime="20220615 18:43:24.414"/>
</kw>
<kw name="Maximize Browser Window" library="SeleniumLibrary">
<doc>Maximizes current browser window.</doc>
<status status="PASS" starttime="20220615 18:43:24.415" endtime="20220615 18:43:24.537"/>
</kw>
<kw name="Element Should Be Visible" library="SeleniumLibrary">
<arg>//*[@class="lnXdpd"]</arg>
<doc>Verifies that the element identified by ``locator`` is visible.</doc>
<msg timestamp="20220615 18:43:24.557" level="INFO">Element '//*[@class="lnXdpd"]' is displayed.</msg>
<status status="PASS" starttime="20220615 18:43:24.537" endtime="20220615 18:43:24.557"/>
</kw>
<kw name="Close Browser" library="SeleniumLibrary">
<doc>Closes the current browser.</doc>
<status status="PASS" starttime="20220615 18:43:24.557" endtime="20220615 18:43:26.846"/>
</kw>
<status status="PASS" starttime="20220615 18:43:21.309" endtime="20220615 18:43:26.846"/>
</test>
<status status="PASS" starttime="20220615 18:43:21.131" endtime="20220615 18:43:26.847"/>
</suite>
<statistics>
<total>
<stat pass="1" fail="0" skip="0">All Tests</stat>
</total>
<tag>
</tag>
<suite>
<stat pass="1" fail="0" skip="0" id="s1" name="Checkgoogle2">Checkgoogle2</stat>
</suite>
</statistics>
<errors>
</errors>
</robot>
